0 info it worked if it ends with ok
1 verbose cli [ '/root/.nvm/versions/node/v6.9.4/bin/node',
1 verbose cli   '/root/.nvm/versions/node/v6.9.4/bin/npm',
1 verbose cli   'start' ]
2 info using npm@3.10.10
3 info using node@v6.9.4
4 verbose run-script [ 'prestart', 'start', 'poststart' ]
5 info lifecycle demiot-server3@1.0.0~prestart: demiot-server3@1.0.0
6 silly lifecycle demiot-server3@1.0.0~prestart: no script for prestart, continuing
7 info lifecycle demiot-server3@1.0.0~start: demiot-server3@1.0.0
8 verbose lifecycle demiot-server3@1.0.0~start: unsafe-perm in lifecycle true
9 verbose lifecycle demiot-server3@1.0.0~start: PATH: /root/.nvm/versions/node/v6.9.4/lib/node_modules/npm/bin/node-gyp-bin:/home/iot/services/geniot/node_modules/.bin:/root/.nvm/versions/node/v6.9.4/bin:/usr/local/sbin:/usr/local/bin:/usr/sbin:/usr/bin:/sbin:/bin:/usr/games:/usr/local/games:/snap/bin
10 verbose lifecycle demiot-server3@1.0.0~start: CWD: /home/iot/services/geniot
11 silly lifecycle demiot-server3@1.0.0~start: Args: [ '-c',
11 silly lifecycle   'set NODE_ENV=development&& nodemon lib/index.js --watch lib' ]
12 info lifecycle demiot-server3@1.0.0~start: Failed to exec start script
13 verbose stack Error: demiot-server3@1.0.0 start: `set NODE_ENV=development&& nodemon lib/index.js --watch lib`
13 verbose stack spawn ENOENT
13 verbose stack     at ChildProcess.<anonymous> (/root/.nvm/versions/node/v6.9.4/lib/node_modules/npm/lib/utils/spawn.js:33:16)
13 verbose stack     at emitTwo (events.js:106:13)
13 verbose stack     at ChildProcess.emit (events.js:191:7)
13 verbose stack     at maybeClose (internal/child_process.js:877:16)
13 verbose stack     at Process.ChildProcess._handle.onexit (internal/child_process.js:226:5)
14 verbose pkgid demiot-server3@1.0.0
15 verbose cwd /home/iot/services/geniot
16 error Linux 4.4.0-1040-raspi2
17 error argv "/root/.nvm/versions/node/v6.9.4/bin/node" "/root/.nvm/versions/node/v6.9.4/bin/npm" "start"
18 error node v6.9.4
19 error npm  v3.10.10
20 error file sh
21 error code ELIFECYCLE
22 error errno ENOENT
23 error syscall spawn
24 error demiot-server3@1.0.0 start: `set NODE_ENV=development&& nodemon lib/index.js --watch lib`
24 error spawn ENOENT
25 error Failed at the demiot-server3@1.0.0 start script 'set NODE_ENV=development&& nodemon lib/index.js --watch lib'.
25 error Make sure you have the latest version of node.js and npm installed.
25 error If you do, this is most likely a problem with the demiot-server3 package,
25 error not with npm itself.
25 error Tell the author that this fails on your system:
25 error     set NODE_ENV=development&& nodemon lib/index.js --watch lib
25 error You can get information on how to open an issue for this project with:
25 error     npm bugs demiot-server3
25 error Or if that isn't available, you can get their info via:
25 error     npm owner ls demiot-server3
25 error There is likely additional logging output above.
26 verbose exit [ 1, true ]
